[2025-01-24 17:47:53] local.ERROR: View [APLICACIÓN] not found. {"exception":"[object] (InvalidArgumentException(code: 0): View [APLICACIÓN] not found. at /home/alumno/Escritorio/DesarrolloWebEntornoServidor/TEMA 8/aplicacion2/vendor/laravel/framework/src/Illuminate/View/FileViewFinder.php:139)
[stacktrace]
#0 /home/alumno/Escritorio/DesarrolloWebEntornoServidor/TEMA 8/aplicacion2/vendor/laravel/framework/src/Illuminate/View/FileViewFinder.php(79): Illuminate\\View\\FileViewFinder->findInPaths('APLICACI\\xC3\\x93N', Array)
#1 /home/alumno/Escritorio/DesarrolloWebEntornoServidor/TEMA 8/aplicacion2/vendor/laravel/framework/src/Illuminate/View/Factory.php(151): Illuminate\\View\\FileViewFinder->find('APLICACI\\xC3\\x93N')
#2 /home/alumno/Escritorio/DesarrolloWebEntornoServidor/TEMA 8/aplicacion2/vendor/laravel/framework/src/Illuminate/Foundation/helpers.php(1062): Illuminate\\View\\Factory->make('APLICACI\\xC3\\x93N', Array, Array)
#3 /home/alumno/Escritorio/DesarrolloWebEntornoServidor/TEMA 8/aplicacion2/routes/web.php(7): view('APLICACI\\xC3\\x93N')
#4 /home/alumno/Escritorio/DesarrolloWebEntornoServidor/TEMA 8/aplicacion2/vendor/laravel/framework/src/Illuminate/Routing/CallableDispatcher.php(40): Illuminate\\Routing\\RouteFileRegistrar->{closure}()
#5 /home/alumno/Escritorio/DesarrolloWebEntornoServidor/TEMA 8/aplicacion2/vendor/laravel/framework/src/Illuminate/Routing/Route.php(244): Illuminate\\Routing\\CallableDispatcher->dispatch(Object(Illuminate\\Routing\\Route), Object(Closure))
#6 /home/alumno/Escritorio/DesarrolloWebEntornoServidor/TEMA 8/aplicacion2/vendor/laravel/framework/src/Illuminate/Routing/Route.php(215): Illuminate\\Routing\\Route->runCallable()
#7 /home/alumno/Escritorio/DesarrolloWebEntornoServidor/TEMA 8/aplicacion2/vendor/laravel/framework/src/Illuminate/Routing/Router.php(808): Illuminate\\Routing\\Route->run()
#8 /home/alumno/Escritorio/DesarrolloWebEntornoServidor/TEMA 8/aplicacion2/vendor/laravel/framework/src/Illuminate/Pipeline/Pipeline.php(170): Illuminate\\Routing\\Router->Illuminate\\Routing\\{closure}(Object(Illuminate\\Http\\Request))
#9 /home/alumno/Escritorio/DesarrolloWebEntornoServidor/TEMA 8/aplicacion2/vendor/laravel/framework/src/Illuminate/Routing/Middleware/SubstituteBindings.php(51): Illuminate\\Pipeline\\Pipeline->Illuminate\\Pipeline\\{closure}(Object(Illuminate\\Http\\Request))
#10 /home/alumno/Escritorio/DesarrolloWebEntornoServidor/TEMA 8/aplicacion2/vendor/laravel/framework/src/Illuminate/Pipeline/Pipeline.php(209): Illuminate\\Routing\\Middleware\\SubstituteBindings->handle(Object(Illuminate\\Http\\Request), Object(Closure))
#11 /home/alumno/Escritorio/DesarrolloWebEntornoServidor/TEMA 8/aplicacion2/vendor/laravel/framework/src/Illuminate/Foundation/Http/Middleware/VerifyCsrfToken.php(88): Illuminate\\Pipeline\\Pipeline->Illuminate\\Pipeline\\{closure}(Object(Illuminate\\Http\\Request))
#12 /home/alumno/Escritorio/DesarrolloWebEntornoServidor/TEMA 8/aplicacion2/vendor/laravel/framework/src/Illuminate/Pipeline/Pipeline.php(209): Illuminate\\Foundation\\Http\\Middleware\\VerifyCsrfToken->handle(Object(Illuminate\\Http\\Request), Object(Closure))
#13 /home/alumno/Escritorio/DesarrolloWebEntornoServidor/TEMA 8/aplicacion2/vendor/laravel/framework/src/Illuminate/View/Middleware/ShareErrorsFromSession.php(49): Illuminate\\Pipeline\\Pipeline->Illuminate\\Pipeline\\{closure}(Object(Illuminate\\Http\\Request))
#14 /home/alumno/Escritorio/DesarrolloWebEntornoServidor/TEMA 8/aplicacion2/vendor/laravel/framework/src/Illuminate/Pipeline/Pipeline.php(209): Illuminate\\View\\Middleware\\ShareErrorsFromSession->handle(Object(Illuminate\\Http\\Request), Object(Closure))
#15 /home/alumno/Escritorio/DesarrolloWebEntornoServidor/TEMA 8/aplicacion2/vendor/laravel/framework/src/Illuminate/Session/Middleware/StartSession.php(121): Illuminate\\Pipeline\\Pipeline->Illuminate\\Pipeline\\{closure}(Object(Illuminate\\Http\\Request))
#16 /home/alumno/Escritorio/DesarrolloWebEntornoServidor/TEMA 8/aplicacion2/vendor/laravel/framework/src/Illuminate/Session/Middleware/StartSession.php(64): Illuminate\\Session\\Middleware\\StartSession->handleStatefulRequest(Object(Illuminate\\Http\\Request), Object(Illuminate\\Session\\Store), Object(Closure))
#17 /home/alumno/Escritorio/DesarrolloWebEntornoServidor/TEMA 8/aplicacion2/vendor/laravel/framework/src/Illuminate/Pipeline/Pipeline.php(209): Illuminate\\Session\\Middleware\\StartSession->handle(Object(Illuminate\\Http\\Request), Object(Closure))
#18 /home/alumno/Escritorio/DesarrolloWebEntornoServidor/TEMA 8/aplicacion2/vendor/laravel/framework/src/Illuminate/Cookie/Middleware/AddQueuedCookiesToResponse.php(37): Illuminate\\Pipeline\\Pipeline->Illuminate\\Pipeline\\{closure}(Object(Illuminate\\Http\\Request))
#19 /home/alumno/Escritorio/DesarrolloWebEntornoServidor/TEMA 8/aplicacion2/vendor/laravel/framework/src/Illuminate/Pipeline/Pipeline.php(209): Illuminate\\Cookie\\Middleware\\AddQueuedCookiesToResponse->handle(Object(Illuminate\\Http\\Request), Object(Closure))
#20 /home/alumno/Escritorio/DesarrolloWebEntornoServidor/TEMA 8/aplicacion2/vendor/laravel/framework/src/Illuminate/Cookie/Middleware/EncryptCookies.php(75): Illuminate\\Pipeline\\Pipeline->Illuminate\\Pipeline\\{closure}(Object(Illuminate\\Http\\Request))
#21 /home/alumno/Escritorio/DesarrolloWebEntornoServidor/TEMA 8/aplicacion2/vendor/laravel/framework/src/Illuminate/Pipeline/Pipeline.php(209): Illuminate\\Cookie\\Middleware\\EncryptCookies->handle(Object(Illuminate\\Http\\Request), Object(Closure))
#22 /home/alumno/Escritorio/DesarrolloWebEntornoServidor/TEMA 8/aplicacion2/vendor/laravel/framework/src/Illuminate/Pipeline/Pipeline.php(127): Illuminate\\Pipeline\\Pipeline->Illuminate\\Pipeline\\{closure}(Object(Illuminate\\Http\\Request))
#23 /home/alumno/Escritorio/DesarrolloWebEntornoServidor/TEMA 8/aplicacion2/vendor/laravel/framework/src/Illuminate/Routing/Router.php(807): Illuminate\\Pipeline\\Pipeline->then(Object(Closure))
#24 /home/alumno/Escritorio/DesarrolloWebEntornoServidor/TEMA 8/aplicacion2/vendor/laravel/framework/src/Illuminate/Routing/Router.php(786): Illuminate\\Routing\\Router->runRouteWithinStack(Object(Illuminate\\Routing\\Route), Object(Illuminate\\Http\\Request))
#25 /home/alumno/Escritorio/DesarrolloWebEntornoServidor/TEMA 8/aplicacion2/vendor/laravel/framework/src/Illuminate/Routing/Router.php(750): Illuminate\\Routing\\Router->runRoute(Object(Illuminate\\Http\\Request), Object(Illuminate\\Routing\\Route))
#26 /home/alumno/Escritorio/DesarrolloWebEntornoServidor/TEMA 8/aplicacion2/vendor/laravel/framework/src/Illuminate/Routing/Router.php(739): Illuminate\\Routing\\Router->dispatchToRoute(Object(Illuminate\\Http\\Request))
#27 /home/alumno/Escritorio/DesarrolloWebEntornoServidor/TEMA 8/aplicacion2/vendor/laravel/framework/src/Illuminate/Foundation/Http/Kernel.php(201): Illuminate\\Routing\\Router->dispatch(Object(Illuminate\\Http\\Request))
#28 /home/alumno/Escritorio/DesarrolloWebEntornoServidor/TEMA 8/aplicacion2/vendor/laravel/framework/src/Illuminate/Pipeline/Pipeline.php(170): Illuminate\\Foundation\\Http\\Kernel->Illuminate\\Foundation\\Http\\{closure}(Object(Illuminate\\Http\\Request))
#29 /home/alumno/Escritorio/DesarrolloWebEntornoServidor/TEMA 8/aplicacion2/vendor/laravel/framework/src/Illuminate/Foundation/Http/Middleware/TransformsRequest.php(21): Illuminate\\Pipeline\\Pipeline->Illuminate\\Pipeline\\{closure}(Object(Illuminate\\Http\\Request))
#30 /home/alumno/Escritorio/DesarrolloWebEntornoServidor/TEMA 8/aplicacion2/vendor/laravel/framework/src/Illuminate/Foundation/Http/Middleware/ConvertEmptyStringsToNull.php(31): Illuminate\\Foundation\\Http\\Middleware\\TransformsRequest->handle(Object(Illuminate\\Http\\Request), Object(Closure))
#31 /home/alumno/Escritorio/DesarrolloWebEntornoServidor/TEMA 8/aplicacion2/vendor/laravel/framework/src/Illuminate/Pipeline/Pipeline.php(209): Illuminate\\Foundation\\Http\\Middleware\\ConvertEmptyStringsToNull->handle(Object(Illuminate\\Http\\Request), Object(Closure))
#32 /home/alumno/Escritorio/DesarrolloWebEntornoServidor/TEMA 8/aplicacion2/vendor/laravel/framework/src/Illuminate/Foundation/Http/Middleware/TransformsRequest.php(21): Illuminate\\Pipeline\\Pipeline->Illuminate\\Pipeline\\{closure}(Object(Illuminate\\Http\\Request))
#33 /home/alumno/Escritorio/DesarrolloWebEntornoServidor/TEMA 8/aplicacion2/vendor/laravel/framework/src/Illuminate/Foundation/Http/Middleware/TrimStrings.php(51): Illuminate\\Foundation\\Http\\Middleware\\TransformsRequest->handle(Object(Illuminate\\Http\\Request), Object(Closure))
#34 /home/alumno/Escritorio/DesarrolloWebEntornoServidor/TEMA 8/aplicacion2/vendor/laravel/framework/src/Illuminate/Pipeline/Pipeline.php(209): Illuminate\\Foundation\\Http\\Middleware\\TrimStrings->handle(Object(Illuminate\\Http\\Request), Object(Closure))
#35 /home/alumno/Escritorio/DesarrolloWebEntornoServidor/TEMA 8/aplicacion2/vendor/laravel/framework/src/Illuminate/Http/Middleware/ValidatePostSize.php(27): Illuminate\\Pipeline\\Pipeline->Illuminate\\Pipeline\\{closure}(Object(Illuminate\\Http\\Request))
#36 /home/alumno/Escritorio/DesarrolloWebEntornoServidor/TEMA 8/aplicacion2/vendor/laravel/framework/src/Illuminate/Pipeline/Pipeline.php(209): Illuminate\\Http\\Middleware\\ValidatePostSize->handle(Object(Illuminate\\Http\\Request), Object(Closure))
#37 /home/alumno/Escritorio/DesarrolloWebEntornoServidor/TEMA 8/aplicacion2/vendor/laravel/framework/src/Illuminate/Foundation/Http/Middleware/PreventRequestsDuringMaintenance.php(110): Illuminate\\Pipeline\\Pipeline->Illuminate\\Pipeline\\{closure}(Object(Illuminate\\Http\\Request))
#38 /home/alumno/Escritorio/DesarrolloWebEntornoServidor/TEMA 8/aplicacion2/vendor/laravel/framework/src/Illuminate/Pipeline/Pipeline.php(209): Illuminate\\Foundation\\Http\\Middleware\\PreventRequestsDuringMaintenance->handle(Object(Illuminate\\Http\\Request), Object(Closure))
#39 /home/alumno/Escritorio/DesarrolloWebEntornoServidor/TEMA 8/aplicacion2/vendor/laravel/framework/src/Illuminate/Http/Middleware/HandleCors.php(49): Illuminate\\Pipeline\\Pipeline->Illuminate\\Pipeline\\{closure}(Object(Illuminate\\Http\\Request))
#40 /home/alumno/Escritorio/DesarrolloWebEntornoServidor/TEMA 8/aplicacion2/vendor/laravel/framework/src/Illuminate/Pipeline/Pipeline.php(209): Illuminate\\Http\\Middleware\\HandleCors->handle(Object(Illuminate\\Http\\Request), Object(Closure))
#41 /home/alumno/Escritorio/DesarrolloWebEntornoServidor/TEMA 8/aplicacion2/vendor/laravel/framework/src/Illuminate/Http/Middleware/TrustProxies.php(58): Illuminate\\Pipeline\\Pipeline->Illuminate\\Pipeline\\{closure}(Object(Illuminate\\Http\\Request))
#42 /home/alumno/Escritorio/DesarrolloWebEntornoServidor/TEMA 8/aplicacion2/vendor/laravel/framework/src/Illuminate/Pipeline/Pipeline.php(209): Illuminate\\Http\\Middleware\\TrustProxies->handle(Object(Illuminate\\Http\\Request), Object(Closure))
#43 /home/alumno/Escritorio/DesarrolloWebEntornoServidor/TEMA 8/aplicacion2/vendor/laravel/framework/src/Illuminate/Foundation/Http/Middleware/InvokeDeferredCallbacks.php(22): Illuminate\\Pipeline\\Pipeline->Illuminate\\Pipeline\\{closure}(Object(Illuminate\\Http\\Request))
#44 /home/alumno/Escritorio/DesarrolloWebEntornoServidor/TEMA 8/aplicacion2/vendor/laravel/framework/src/Illuminate/Pipeline/Pipeline.php(209): Illuminate\\Foundation\\Http\\Middleware\\InvokeDeferredCallbacks->handle(Object(Illuminate\\Http\\Request), Object(Closure))
#45 /home/alumno/Escritorio/DesarrolloWebEntornoServidor/TEMA 8/aplicacion2/vendor/laravel/framework/src/Illuminate/Pipeline/Pipeline.php(127): Illuminate\\Pipeline\\Pipeline->Illuminate\\Pipeline\\{closure}(Object(Illuminate\\Http\\Request))
#46 /home/alumno/Escritorio/DesarrolloWebEntornoServidor/TEMA 8/aplicacion2/vendor/laravel/framework/src/Illuminate/Foundation/Http/Kernel.php(176): Illuminate\\Pipeline\\Pipeline->then(Object(Closure))
#47 /home/alumno/Escritorio/DesarrolloWebEntornoServidor/TEMA 8/aplicacion2/vendor/laravel/framework/src/Illuminate/Foundation/Http/Kernel.php(145): Illuminate\\Foundation\\Http\\Kernel->sendRequestThroughRouter(Object(Illuminate\\Http\\Request))
#48 /home/alumno/Escritorio/DesarrolloWebEntornoServidor/TEMA 8/aplicacion2/vendor/laravel/framework/src/Illuminate/Foundation/Application.php(1193): Illuminate\\Foundation\\Http\\Kernel->handle(Object(Illuminate\\Http\\Request))
#49 /home/alumno/Escritorio/DesarrolloWebEntornoServidor/TEMA 8/aplicacion2/public/index.php(17): Illuminate\\Foundation\\Application->handleRequest(Object(Illuminate\\Http\\Request))
#50 /home/alumno/Escritorio/DesarrolloWebEntornoServidor/TEMA 8/aplicacion2/vendor/laravel/framework/src/Illuminate/Foundation/resources/server.php(23): require_once('/home/alumno/Es...')
#51 {main}
"} 
